2006.04.25 11:20 B E:\xampp\web_libs\Smarty\libs\internals\core.assemble_plugin_filepath.php --> interglob.ch /files/libs/internals core.assemble_plugin_filepath.php
2006.04.25 11:20 B E:\xampp\web_libs\Smarty\libs\internals\core.assign_smarty_interface.php --> interglob.ch /files/libs/internals core.assign_smarty_interface.php
2006.04.25 11:20 B E:\xampp\web_libs\Smarty\libs\internals\core.create_dir_structure.php --> interglob.ch /files/libs/internals core.create_dir_structure.php
2006.04.25 11:20 B E:\xampp\web_libs\Smarty\libs\internals\core.display_debug_console.php --> interglob.ch /files/libs/internals core.display_debug_console.php
2006.04.25 11:20 B E:\xampp\web_libs\Smarty\libs\internals\core.get_include_path.php --> interglob.ch /files/libs/internals core.get_include_path.php
2006.04.25 11:20 B E:\xampp\web_libs\Smarty\libs\internals\core.get_microtime.php --> interglob.ch /files/libs/internals core.get_microtime.php
2006.04.25 11:20 B E:\xampp\web_libs\Smarty\libs\internals\core.get_php_resource.php --> interglob.ch /files/libs/internals core.get_php_resource.php
2006.04.25 11:20 B E:\xampp\web_libs\Smarty\libs\internals\core.is_secure.php --> interglob.ch /files/libs/internals core.is_secure.php
2006.04.25 11:20 B E:\xampp\web_libs\Smarty\libs\internals\core.is_trusted.php --> interglob.ch /files/libs/internals core.is_trusted.php
2006.04.25 11:20 B E:\xampp\web_libs\Smarty\libs\internals\core.load_plugins.php --> interglob.ch /files/libs/internals core.load_plugins.php
2006.04.25 11:20 B E:\xampp\web_libs\Smarty\libs\internals\core.load_resource_plugin.php --> interglob.ch /files/libs/internals core.load_resource_plugin.php
2006.04.25 11:20 B E:\xampp\web_libs\Smarty\libs\internals\core.process_cached_inserts.php --> interglob.ch /files/libs/internals core.process_cached_inserts.php
2006.04.25 11:20 B E:\xampp\web_libs\Smarty\libs\internals\core.process_compiled_include.php --> interglob.ch /files/libs/internals core.process_compiled_include.php
2006.04.25 11:20 B E:\xampp\web_libs\Smarty\libs\internals\core.read_cache_file.php --> interglob.ch /files/libs/internals core.read_cache_file.php
2006.04.25 11:20 B E:\xampp\web_libs\Smarty\libs\internals\core.rm_auto.php --> interglob.ch /files/libs/internals core.rm_auto.php
2006.04.25 11:20 B E:\xampp\web_libs\Smarty\libs\internals\core.rmdir.php --> interglob.ch /files/libs/internals core.rmdir.php
2006.04.25 11:20 B E:\xampp\web_libs\Smarty\libs\internals\core.run_insert_handler.php --> interglob.ch /files/libs/internals core.run_insert_handler.php
2006.04.25 11:20 B E:\xampp\web_libs\Smarty\libs\internals\core.smarty_include_php.php --> interglob.ch /files/libs/internals core.smarty_include_php.php
2006.04.25 11:20 B E:\xampp\web_libs\Smarty\libs\internals\core.write_cache_file.php --> interglob.ch /files/libs/internals core.write_cache_file.php
2006.04.25 11:20 B E:\xampp\web_libs\Smarty\libs\internals\core.write_compiled_include.php --> interglob.ch /files/libs/internals core.write_compiled_include.php
2006.04.25 11:20 B E:\xampp\web_libs\Smarty\libs\internals\core.write_compiled_resource.php --> interglob.ch /files/libs/internals core.write_compiled_resource.php
2006.04.25 11:20 B E:\xampp\web_libs\Smarty\libs\internals\core.write_file.php --> interglob.ch /files/libs/internals core.write_file.php
2006.09.13 12:31 B E:\xampp\web_libs\Smarty\libs\internals\core.assemble_plugin_filepath.php --> www.herzallerliebst.de /files/Smarty/libs/internals core.assemble_plugin_filepath.php
2006.09.13 12:31 B E:\xampp\web_libs\Smarty\libs\internals\core.assign_smarty_interface.php --> www.herzallerliebst.de /files/Smarty/libs/internals core.assign_smarty_interface.php
2006.09.13 12:31 B E:\xampp\web_libs\Smarty\libs\internals\core.create_dir_structure.php --> www.herzallerliebst.de /files/Smarty/libs/internals core.create_dir_structure.php
2006.09.13 12:31 B E:\xampp\web_libs\Smarty\libs\internals\core.display_debug_console.php --> www.herzallerliebst.de /files/Smarty/libs/internals core.display_debug_console.php
2006.09.13 12:31 B E:\xampp\web_libs\Smarty\libs\internals\core.get_include_path.php --> www.herzallerliebst.de /files/Smarty/libs/internals core.get_include_path.php
2006.09.13 12:31 B E:\xampp\web_libs\Smarty\libs\internals\core.get_microtime.php --> www.herzallerliebst.de /files/Smarty/libs/internals core.get_microtime.php
2006.09.13 12:31 B E:\xampp\web_libs\Smarty\libs\internals\core.get_php_resource.php --> www.herzallerliebst.de /files/Smarty/libs/internals core.get_php_resource.php
2006.09.13 12:31 B E:\xampp\web_libs\Smarty\libs\internals\core.is_secure.php --> www.herzallerliebst.de /files/Smarty/libs/internals core.is_secure.php
2006.09.13 12:31 B E:\xampp\web_libs\Smarty\libs\internals\core.is_trusted.php --> www.herzallerliebst.de /files/Smarty/libs/internals core.is_trusted.php
2006.09.13 12:31 B E:\xampp\web_libs\Smarty\libs\internals\core.load_plugins.php --> www.herzallerliebst.de /files/Smarty/libs/internals core.load_plugins.php
2006.09.13 12:31 B E:\xampp\web_libs\Smarty\libs\internals\core.load_resource_plugin.php --> www.herzallerliebst.de /files/Smarty/libs/internals core.load_resource_plugin.php
2006.09.13 12:31 B E:\xampp\web_libs\Smarty\libs\internals\core.process_cached_inserts.php --> www.herzallerliebst.de /files/Smarty/libs/internals core.process_cached_inserts.php
2006.09.13 12:31 B E:\xampp\web_libs\Smarty\libs\internals\core.process_compiled_include.php --> www.herzallerliebst.de /files/Smarty/libs/internals core.process_compiled_include.php
2006.09.13 12:31 B E:\xampp\web_libs\Smarty\libs\internals\core.read_cache_file.php --> www.herzallerliebst.de /files/Smarty/libs/internals core.read_cache_file.php
2006.09.13 12:31 B E:\xampp\web_libs\Smarty\libs\internals\core.rm_auto.php --> www.herzallerliebst.de /files/Smarty/libs/internals core.rm_auto.php
2006.09.13 12:31 B E:\xampp\web_libs\Smarty\libs\internals\core.rmdir.php --> www.herzallerliebst.de /files/Smarty/libs/internals core.rmdir.php
2006.09.13 12:31 B E:\xampp\web_libs\Smarty\libs\internals\core.run_insert_handler.php --> www.herzallerliebst.de /files/Smarty/libs/internals core.run_insert_handler.php
2006.09.13 12:31 B E:\xampp\web_libs\Smarty\libs\internals\core.smarty_include_php.php --> www.herzallerliebst.de /files/Smarty/libs/internals core.smarty_include_php.php
2006.09.13 12:31 B E:\xampp\web_libs\Smarty\libs\internals\core.write_cache_file.php --> www.herzallerliebst.de /files/Smarty/libs/internals core.write_cache_file.php
2006.09.13 12:31 B E:\xampp\web_libs\Smarty\libs\internals\core.write_compiled_include.php --> www.herzallerliebst.de /files/Smarty/libs/internals core.write_compiled_include.php
2006.09.13 12:31 B E:\xampp\web_libs\Smarty\libs\internals\core.write_compiled_resource.php --> www.herzallerliebst.de /files/Smarty/libs/internals core.write_compiled_resource.php
2006.09.13 12:31 B E:\xampp\web_libs\Smarty\libs\internals\core.write_file.php --> www.herzallerliebst.de /files/Smarty/libs/internals core.write_file.php
2006.09.13 12:31 B E:\xampp\web_libs\Smarty\libs\internals\WS_FTP.LOG --> www.herzallerliebst.de /files/Smarty/libs/internals WS_FTP.LOG
2006.12.17 22:06 B E:\xampp\web_libs\Smarty\libs\internals\core.assemble_plugin_filepath.php --> freuzeug.com /webseiten/_libs/smarty/libs/internals core.assemble_plugin_filepath.php
2006.12.17 22:06 B E:\xampp\web_libs\Smarty\libs\internals\core.assign_smarty_interface.php --> freuzeug.com /webseiten/_libs/smarty/libs/internals core.assign_smarty_interface.php
2006.12.17 22:06 B E:\xampp\web_libs\Smarty\libs\internals\core.create_dir_structure.php --> freuzeug.com /webseiten/_libs/smarty/libs/internals core.create_dir_structure.php
2006.12.17 22:06 B E:\xampp\web_libs\Smarty\libs\internals\core.display_debug_console.php --> freuzeug.com /webseiten/_libs/smarty/libs/internals core.display_debug_console.php
2006.12.17 22:06 B E:\xampp\web_libs\Smarty\libs\internals\core.get_include_path.php --> freuzeug.com /webseiten/_libs/smarty/libs/internals core.get_include_path.php
2006.12.17 22:06 B E:\xampp\web_libs\Smarty\libs\internals\core.get_microtime.php --> freuzeug.com /webseiten/_libs/smarty/libs/internals core.get_microtime.php
2006.12.17 22:06 B E:\xampp\web_libs\Smarty\libs\internals\core.get_php_resource.php --> freuzeug.com /webseiten/_libs/smarty/libs/internals core.get_php_resource.php
2006.12.17 22:06 B E:\xampp\web_libs\Smarty\libs\internals\core.is_secure.php --> freuzeug.com /webseiten/_libs/smarty/libs/internals core.is_secure.php
2006.12.17 22:06 B E:\xampp\web_libs\Smarty\libs\internals\core.is_trusted.php --> freuzeug.com /webseiten/_libs/smarty/libs/internals core.is_trusted.php
2006.12.17 22:06 B E:\xampp\web_libs\Smarty\libs\internals\core.load_plugins.php --> freuzeug.com /webseiten/_libs/smarty/libs/internals core.load_plugins.php
2006.12.17 22:06 B E:\xampp\web_libs\Smarty\libs\internals\core.load_resource_plugin.php --> freuzeug.com /webseiten/_libs/smarty/libs/internals core.load_resource_plugin.php
2006.12.17 22:06 B E:\xampp\web_libs\Smarty\libs\internals\core.process_cached_inserts.php --> freuzeug.com /webseiten/_libs/smarty/libs/internals core.process_cached_inserts.php
2006.12.17 22:06 B E:\xampp\web_libs\Smarty\libs\internals\core.process_compiled_include.php --> freuzeug.com /webseiten/_libs/smarty/libs/internals core.process_compiled_include.php
2006.12.17 22:06 B E:\xampp\web_libs\Smarty\libs\internals\core.read_cache_file.php --> freuzeug.com /webseiten/_libs/smarty/libs/internals core.read_cache_file.php
2006.12.17 22:06 B E:\xampp\web_libs\Smarty\libs\internals\core.rm_auto.php --> freuzeug.com /webseiten/_libs/smarty/libs/internals core.rm_auto.php
2006.12.17 22:06 B E:\xampp\web_libs\Smarty\libs\internals\core.rmdir.php --> freuzeug.com /webseiten/_libs/smarty/libs/internals core.rmdir.php
2006.12.17 22:06 B E:\xampp\web_libs\Smarty\libs\internals\core.run_insert_handler.php --> freuzeug.com /webseiten/_libs/smarty/libs/internals core.run_insert_handler.php
2006.12.17 22:06 B E:\xampp\web_libs\Smarty\libs\internals\core.smarty_include_php.php --> freuzeug.com /webseiten/_libs/smarty/libs/internals core.smarty_include_php.php
2006.12.17 22:06 B E:\xampp\web_libs\Smarty\libs\internals\core.write_cache_file.php --> freuzeug.com /webseiten/_libs/smarty/libs/internals core.write_cache_file.php
2006.12.17 22:06 B E:\xampp\web_libs\Smarty\libs\internals\core.write_compiled_include.php --> freuzeug.com /webseiten/_libs/smarty/libs/internals core.write_compiled_include.php
2006.12.17 22:06 B E:\xampp\web_libs\Smarty\libs\internals\core.write_compiled_resource.php --> freuzeug.com /webseiten/_libs/smarty/libs/internals core.write_compiled_resource.php
2006.12.17 22:06 B E:\xampp\web_libs\Smarty\libs\internals\core.write_file.php --> freuzeug.com /webseiten/_libs/smarty/libs/internals core.write_file.php
2006.12.17 22:06 B E:\xampp\web_libs\Smarty\libs\internals\WS_FTP.LOG --> freuzeug.com /webseiten/_libs/smarty/libs/internals WS_FTP.LOG
2007.01.30 19:16 B E:\htdocs\_libs\smarty\internals\core.assemble_plugin_filepath.php --> web-insite.de /html/_libs/smarty/internals core.assemble_plugin_filepath.php
2007.01.30 19:16 B E:\htdocs\_libs\smarty\internals\core.assign_smarty_interface.php --> web-insite.de /html/_libs/smarty/internals core.assign_smarty_interface.php
2007.01.30 19:16 B E:\htdocs\_libs\smarty\internals\core.create_dir_structure.php --> web-insite.de /html/_libs/smarty/internals core.create_dir_structure.php
2007.01.30 19:16 B E:\htdocs\_libs\smarty\internals\core.display_debug_console.php --> web-insite.de /html/_libs/smarty/internals core.display_debug_console.php
2007.01.30 19:16 B E:\htdocs\_libs\smarty\internals\core.get_include_path.php --> web-insite.de /html/_libs/smarty/internals core.get_include_path.php
2007.01.30 19:16 B E:\htdocs\_libs\smarty\internals\core.get_microtime.php --> web-insite.de /html/_libs/smarty/internals core.get_microtime.php
2007.01.30 19:16 B E:\htdocs\_libs\smarty\internals\core.get_php_resource.php --> web-insite.de /html/_libs/smarty/internals core.get_php_resource.php
2007.01.30 19:16 B E:\htdocs\_libs\smarty\internals\core.is_secure.php --> web-insite.de /html/_libs/smarty/internals core.is_secure.php
2007.01.30 19:16 B E:\htdocs\_libs\smarty\internals\core.is_trusted.php --> web-insite.de /html/_libs/smarty/internals core.is_trusted.php
2007.01.30 19:16 B E:\htdocs\_libs\smarty\internals\core.load_plugins.php --> web-insite.de /html/_libs/smarty/internals core.load_plugins.php
2007.01.30 19:16 B E:\htdocs\_libs\smarty\internals\core.load_resource_plugin.php --> web-insite.de /html/_libs/smarty/internals core.load_resource_plugin.php
2007.01.30 19:16 B E:\htdocs\_libs\smarty\internals\core.process_cached_inserts.php --> web-insite.de /html/_libs/smarty/internals core.process_cached_inserts.php
2007.01.30 19:16 B E:\htdocs\_libs\smarty\internals\core.process_compiled_include.php --> web-insite.de /html/_libs/smarty/internals core.process_compiled_include.php
2007.01.30 19:16 B E:\htdocs\_libs\smarty\internals\core.read_cache_file.php --> web-insite.de /html/_libs/smarty/internals core.read_cache_file.php
2007.01.30 19:16 B E:\htdocs\_libs\smarty\internals\core.rm_auto.php --> web-insite.de /html/_libs/smarty/internals core.rm_auto.php
2007.01.30 19:16 B E:\htdocs\_libs\smarty\internals\core.rmdir.php --> web-insite.de /html/_libs/smarty/internals core.rmdir.php
2007.01.30 19:16 B E:\htdocs\_libs\smarty\internals\core.run_insert_handler.php --> web-insite.de /html/_libs/smarty/internals core.run_insert_handler.php
2007.01.30 19:16 B E:\htdocs\_libs\smarty\internals\core.smarty_include_php.php --> web-insite.de /html/_libs/smarty/internals core.smarty_include_php.php
2007.01.30 19:16 B E:\htdocs\_libs\smarty\internals\core.write_cache_file.php --> web-insite.de /html/_libs/smarty/internals core.write_cache_file.php
2007.01.30 19:16 B E:\htdocs\_libs\smarty\internals\core.write_compiled_include.php --> web-insite.de /html/_libs/smarty/internals core.write_compiled_include.php
2007.01.30 19:16 B E:\htdocs\_libs\smarty\internals\core.write_compiled_resource.php --> web-insite.de /html/_libs/smarty/internals core.write_compiled_resource.php
2007.01.30 19:16 B E:\htdocs\_libs\smarty\internals\core.write_file.php --> web-insite.de /html/_libs/smarty/internals core.write_file.php
2007.01.30 19:16 B E:\htdocs\_libs\smarty\internals\WS_FTP.LOG --> web-insite.de /html/_libs/smarty/internals WS_FTP.LOG
2007.03.13 12:53 B E:\htdocs\_libs\smarty\internals\core.assemble_plugin_filepath.php --> freuzeug.com /webseiten/_libs/smarty/internals core.assemble_plugin_filepath.php
2007.03.13 12:53 B E:\htdocs\_libs\smarty\internals\core.assign_smarty_interface.php --> freuzeug.com /webseiten/_libs/smarty/internals core.assign_smarty_interface.php
2007.03.13 12:53 B E:\htdocs\_libs\smarty\internals\core.create_dir_structure.php --> freuzeug.com /webseiten/_libs/smarty/internals core.create_dir_structure.php
2007.03.13 12:53 B E:\htdocs\_libs\smarty\internals\core.display_debug_console.php --> freuzeug.com /webseiten/_libs/smarty/internals core.display_debug_console.php
2007.03.13 12:53 B E:\htdocs\_libs\smarty\internals\core.get_include_path.php --> freuzeug.com /webseiten/_libs/smarty/internals core.get_include_path.php
2007.03.13 12:53 B E:\htdocs\_libs\smarty\internals\core.get_microtime.php --> freuzeug.com /webseiten/_libs/smarty/internals core.get_microtime.php
2007.03.13 12:53 B E:\htdocs\_libs\smarty\internals\core.get_php_resource.php --> freuzeug.com /webseiten/_libs/smarty/internals core.get_php_resource.php
2007.03.13 12:53 B E:\htdocs\_libs\smarty\internals\core.is_secure.php --> freuzeug.com /webseiten/_libs/smarty/internals core.is_secure.php
2007.03.13 12:53 B E:\htdocs\_libs\smarty\internals\core.is_trusted.php --> freuzeug.com /webseiten/_libs/smarty/internals core.is_trusted.php
2007.03.13 12:53 B E:\htdocs\_libs\smarty\internals\core.load_plugins.php --> freuzeug.com /webseiten/_libs/smarty/internals core.load_plugins.php
2007.03.13 12:53 B E:\htdocs\_libs\smarty\internals\core.load_resource_plugin.php --> freuzeug.com /webseiten/_libs/smarty/internals core.load_resource_plugin.php
2007.03.13 12:53 B E:\htdocs\_libs\smarty\internals\core.process_cached_inserts.php --> freuzeug.com /webseiten/_libs/smarty/internals core.process_cached_inserts.php
2007.03.13 12:53 B E:\htdocs\_libs\smarty\internals\core.process_compiled_include.php --> freuzeug.com /webseiten/_libs/smarty/internals core.process_compiled_include.php
2007.03.13 12:53 B E:\htdocs\_libs\smarty\internals\core.read_cache_file.php --> freuzeug.com /webseiten/_libs/smarty/internals core.read_cache_file.php
2007.03.13 12:53 B E:\htdocs\_libs\smarty\internals\core.rm_auto.php --> freuzeug.com /webseiten/_libs/smarty/internals core.rm_auto.php
2007.03.13 12:53 B E:\htdocs\_libs\smarty\internals\core.rmdir.php --> freuzeug.com /webseiten/_libs/smarty/internals core.rmdir.php
2007.03.13 12:53 B E:\htdocs\_libs\smarty\internals\core.run_insert_handler.php --> freuzeug.com /webseiten/_libs/smarty/internals core.run_insert_handler.php
2007.03.13 12:53 B E:\htdocs\_libs\smarty\internals\core.smarty_include_php.php --> freuzeug.com /webseiten/_libs/smarty/internals core.smarty_include_php.php
2007.03.13 12:53 B E:\htdocs\_libs\smarty\internals\core.write_cache_file.php --> freuzeug.com /webseiten/_libs/smarty/internals core.write_cache_file.php
2007.03.13 12:53 B E:\htdocs\_libs\smarty\internals\core.write_compiled_include.php --> freuzeug.com /webseiten/_libs/smarty/internals core.write_compiled_include.php
2007.03.13 12:53 B E:\htdocs\_libs\smarty\internals\core.write_compiled_resource.php --> freuzeug.com /webseiten/_libs/smarty/internals core.write_compiled_resource.php
2007.03.13 12:53 B E:\htdocs\_libs\smarty\internals\core.write_file.php --> freuzeug.com /webseiten/_libs/smarty/internals core.write_file.php
2007.03.13 12:53 B E:\htdocs\_libs\smarty\internals\WS_FTP.LOG --> freuzeug.com /webseiten/_libs/smarty/internals WS_FTP.LOG
