2006.04.25 11:20 B E:\xampp\web_libs\Smarty\libs\plugins\block.textformat.php --> interglob.ch /files/libs/plugins block.textformat.php
2006.04.25 11:20 B E:\xampp\web_libs\Smarty\libs\plugins\compiler.assign.php --> interglob.ch /files/libs/plugins compiler.assign.php
2006.04.25 11:20 B E:\xampp\web_libs\Smarty\libs\plugins\function.assign_debug_info.php --> interglob.ch /files/libs/plugins function.assign_debug_info.php
2006.04.25 11:20 B E:\xampp\web_libs\Smarty\libs\plugins\function.config_load.php --> interglob.ch /files/libs/plugins function.config_load.php
2006.04.25 11:20 B E:\xampp\web_libs\Smarty\libs\plugins\function.counter.php --> interglob.ch /files/libs/plugins function.counter.php
2006.04.25 11:20 B E:\xampp\web_libs\Smarty\libs\plugins\function.cycle.php --> interglob.ch /files/libs/plugins function.cycle.php
2006.04.25 11:20 B E:\xampp\web_libs\Smarty\libs\plugins\function.debug.php --> interglob.ch /files/libs/plugins function.debug.php
2006.04.25 11:20 B E:\xampp\web_libs\Smarty\libs\plugins\function.eval.php --> interglob.ch /files/libs/plugins function.eval.php
2006.04.25 11:20 B E:\xampp\web_libs\Smarty\libs\plugins\function.fetch.php --> interglob.ch /files/libs/plugins function.fetch.php
2006.04.25 11:20 B E:\xampp\web_libs\Smarty\libs\plugins\function.html_checkboxes.php --> interglob.ch /files/libs/plugins function.html_checkboxes.php
2006.04.25 11:20 B E:\xampp\web_libs\Smarty\libs\plugins\function.html_image.php --> interglob.ch /files/libs/plugins function.html_image.php
2006.04.25 11:20 B E:\xampp\web_libs\Smarty\libs\plugins\function.html_options.php --> interglob.ch /files/libs/plugins function.html_options.php
2006.04.25 11:20 B E:\xampp\web_libs\Smarty\libs\plugins\function.html_radios.php --> interglob.ch /files/libs/plugins function.html_radios.php
2006.04.25 11:20 B E:\xampp\web_libs\Smarty\libs\plugins\function.html_select_date.php --> interglob.ch /files/libs/plugins function.html_select_date.php
2006.04.25 11:20 B E:\xampp\web_libs\Smarty\libs\plugins\function.html_select_time.php --> interglob.ch /files/libs/plugins function.html_select_time.php
2006.04.25 11:20 B E:\xampp\web_libs\Smarty\libs\plugins\function.html_table.php --> interglob.ch /files/libs/plugins function.html_table.php
2006.04.25 11:20 B E:\xampp\web_libs\Smarty\libs\plugins\function.mailto.php --> interglob.ch /files/libs/plugins function.mailto.php
2006.04.25 11:20 B E:\xampp\web_libs\Smarty\libs\plugins\function.math.php --> interglob.ch /files/libs/plugins function.math.php
2006.04.25 11:20 B E:\xampp\web_libs\Smarty\libs\plugins\function.popup.php --> interglob.ch /files/libs/plugins function.popup.php
2006.04.25 11:20 B E:\xampp\web_libs\Smarty\libs\plugins\function.popup_init.php --> interglob.ch /files/libs/plugins function.popup_init.php
2006.04.25 11:20 B E:\xampp\web_libs\Smarty\libs\plugins\modifier.capitalize.php --> interglob.ch /files/libs/plugins modifier.capitalize.php
2006.04.25 11:20 B E:\xampp\web_libs\Smarty\libs\plugins\modifier.cat.php --> interglob.ch /files/libs/plugins modifier.cat.php
2006.04.25 11:20 B E:\xampp\web_libs\Smarty\libs\plugins\modifier.count_characters.php --> interglob.ch /files/libs/plugins modifier.count_characters.php
2006.04.25 11:20 B E:\xampp\web_libs\Smarty\libs\plugins\modifier.count_paragraphs.php --> interglob.ch /files/libs/plugins modifier.count_paragraphs.php
2006.04.25 11:20 B E:\xampp\web_libs\Smarty\libs\plugins\modifier.count_sentences.php --> interglob.ch /files/libs/plugins modifier.count_sentences.php
2006.04.25 11:20 B E:\xampp\web_libs\Smarty\libs\plugins\modifier.count_words.php --> interglob.ch /files/libs/plugins modifier.count_words.php
2006.04.25 11:20 B E:\xampp\web_libs\Smarty\libs\plugins\modifier.date_format.php --> interglob.ch /files/libs/plugins modifier.date_format.php
2006.04.25 11:20 B E:\xampp\web_libs\Smarty\libs\plugins\modifier.debug_print_var.php --> interglob.ch /files/libs/plugins modifier.debug_print_var.php
2006.04.25 11:20 B E:\xampp\web_libs\Smarty\libs\plugins\modifier.default.php --> interglob.ch /files/libs/plugins modifier.default.php
2006.04.25 11:20 B E:\xampp\web_libs\Smarty\libs\plugins\modifier.escape.php --> interglob.ch /files/libs/plugins modifier.escape.php
2006.04.25 11:20 B E:\xampp\web_libs\Smarty\libs\plugins\modifier.indent.php --> interglob.ch /files/libs/plugins modifier.indent.php
2006.04.25 11:20 B E:\xampp\web_libs\Smarty\libs\plugins\modifier.lower.php --> interglob.ch /files/libs/plugins modifier.lower.php
2006.04.25 11:20 B E:\xampp\web_libs\Smarty\libs\plugins\modifier.nl2br.php --> interglob.ch /files/libs/plugins modifier.nl2br.php
2006.04.25 11:20 B E:\xampp\web_libs\Smarty\libs\plugins\modifier.regex_replace.php --> interglob.ch /files/libs/plugins modifier.regex_replace.php
2006.04.25 11:20 B E:\xampp\web_libs\Smarty\libs\plugins\modifier.replace.php --> interglob.ch /files/libs/plugins modifier.replace.php
2006.04.25 11:20 B E:\xampp\web_libs\Smarty\libs\plugins\modifier.spacify.php --> interglob.ch /files/libs/plugins modifier.spacify.php
2006.04.25 11:20 B E:\xampp\web_libs\Smarty\libs\plugins\modifier.string_format.php --> interglob.ch /files/libs/plugins modifier.string_format.php
2006.04.25 11:20 B E:\xampp\web_libs\Smarty\libs\plugins\modifier.strip.php --> interglob.ch /files/libs/plugins modifier.strip.php
2006.04.25 11:20 B E:\xampp\web_libs\Smarty\libs\plugins\modifier.strip_tags.php --> interglob.ch /files/libs/plugins modifier.strip_tags.php
2006.04.25 11:20 B E:\xampp\web_libs\Smarty\libs\plugins\modifier.truncate.php --> interglob.ch /files/libs/plugins modifier.truncate.php
2006.04.25 11:20 B E:\xampp\web_libs\Smarty\libs\plugins\modifier.upper.php --> interglob.ch /files/libs/plugins modifier.upper.php
2006.04.25 11:20 B E:\xampp\web_libs\Smarty\libs\plugins\modifier.wordwrap.php --> interglob.ch /files/libs/plugins modifier.wordwrap.php
2006.04.25 11:20 B E:\xampp\web_libs\Smarty\libs\plugins\outputfilter.trimwhitespace.php --> interglob.ch /files/libs/plugins outputfilter.trimwhitespace.php
2006.04.25 11:20 B E:\xampp\web_libs\Smarty\libs\plugins\shared.escape_special_chars.php --> interglob.ch /files/libs/plugins shared.escape_special_chars.php
2006.04.25 11:20 B E:\xampp\web_libs\Smarty\libs\plugins\shared.make_timestamp.php --> interglob.ch /files/libs/plugins shared.make_timestamp.php
2006.09.13 12:31 B E:\xampp\web_libs\Smarty\libs\plugins\block.textformat.php --> www.herzallerliebst.de /files/Smarty/libs/plugins block.textformat.php
2006.09.13 12:31 B E:\xampp\web_libs\Smarty\libs\plugins\compiler.assign.php --> www.herzallerliebst.de /files/Smarty/libs/plugins compiler.assign.php
2006.09.13 12:31 B E:\xampp\web_libs\Smarty\libs\plugins\function.assign_debug_info.php --> www.herzallerliebst.de /files/Smarty/libs/plugins function.assign_debug_info.php
2006.09.13 12:31 B E:\xampp\web_libs\Smarty\libs\plugins\function.config_load.php --> www.herzallerliebst.de /files/Smarty/libs/plugins function.config_load.php
2006.09.13 12:31 B E:\xampp\web_libs\Smarty\libs\plugins\function.counter.php --> www.herzallerliebst.de /files/Smarty/libs/plugins function.counter.php
2006.09.13 12:31 B E:\xampp\web_libs\Smarty\libs\plugins\function.cycle.php --> www.herzallerliebst.de /files/Smarty/libs/plugins function.cycle.php
2006.09.13 12:31 B E:\xampp\web_libs\Smarty\libs\plugins\function.debug.php --> www.herzallerliebst.de /files/Smarty/libs/plugins function.debug.php
2006.09.13 12:31 B E:\xampp\web_libs\Smarty\libs\plugins\function.eval.php --> www.herzallerliebst.de /files/Smarty/libs/plugins function.eval.php
2006.09.13 12:31 B E:\xampp\web_libs\Smarty\libs\plugins\function.fetch.php --> www.herzallerliebst.de /files/Smarty/libs/plugins function.fetch.php
2006.09.13 12:31 B E:\xampp\web_libs\Smarty\libs\plugins\function.html_checkboxes.php --> www.herzallerliebst.de /files/Smarty/libs/plugins function.html_checkboxes.php
2006.09.13 12:31 B E:\xampp\web_libs\Smarty\libs\plugins\function.html_image.php --> www.herzallerliebst.de /files/Smarty/libs/plugins function.html_image.php
2006.09.13 12:31 B E:\xampp\web_libs\Smarty\libs\plugins\function.html_options.php --> www.herzallerliebst.de /files/Smarty/libs/plugins function.html_options.php
2006.09.13 12:31 B E:\xampp\web_libs\Smarty\libs\plugins\function.html_radios.php --> www.herzallerliebst.de /files/Smarty/libs/plugins function.html_radios.php
2006.09.13 12:31 B E:\xampp\web_libs\Smarty\libs\plugins\function.html_select_date.php --> www.herzallerliebst.de /files/Smarty/libs/plugins function.html_select_date.php
2006.09.13 12:31 B E:\xampp\web_libs\Smarty\libs\plugins\function.html_select_time.php --> www.herzallerliebst.de /files/Smarty/libs/plugins function.html_select_time.php
2006.09.13 12:31 B E:\xampp\web_libs\Smarty\libs\plugins\function.html_table.php --> www.herzallerliebst.de /files/Smarty/libs/plugins function.html_table.php
2006.09.13 12:31 B E:\xampp\web_libs\Smarty\libs\plugins\function.mailto.php --> www.herzallerliebst.de /files/Smarty/libs/plugins function.mailto.php
2006.09.13 12:31 B E:\xampp\web_libs\Smarty\libs\plugins\function.math.php --> www.herzallerliebst.de /files/Smarty/libs/plugins function.math.php
2006.09.13 12:31 B E:\xampp\web_libs\Smarty\libs\plugins\function.popup.php --> www.herzallerliebst.de /files/Smarty/libs/plugins function.popup.php
2006.09.13 12:31 B E:\xampp\web_libs\Smarty\libs\plugins\function.popup_init.php --> www.herzallerliebst.de /files/Smarty/libs/plugins function.popup_init.php
2006.09.13 12:31 B E:\xampp\web_libs\Smarty\libs\plugins\modifier.capitalize.php --> www.herzallerliebst.de /files/Smarty/libs/plugins modifier.capitalize.php
2006.09.13 12:31 B E:\xampp\web_libs\Smarty\libs\plugins\modifier.cat.php --> www.herzallerliebst.de /files/Smarty/libs/plugins modifier.cat.php
2006.09.13 12:31 B E:\xampp\web_libs\Smarty\libs\plugins\modifier.count_characters.php --> www.herzallerliebst.de /files/Smarty/libs/plugins modifier.count_characters.php
2006.09.13 12:31 B E:\xampp\web_libs\Smarty\libs\plugins\modifier.count_paragraphs.php --> www.herzallerliebst.de /files/Smarty/libs/plugins modifier.count_paragraphs.php
2006.09.13 12:31 B E:\xampp\web_libs\Smarty\libs\plugins\modifier.count_sentences.php --> www.herzallerliebst.de /files/Smarty/libs/plugins modifier.count_sentences.php
2006.09.13 12:31 B E:\xampp\web_libs\Smarty\libs\plugins\modifier.count_words.php --> www.herzallerliebst.de /files/Smarty/libs/plugins modifier.count_words.php
2006.09.13 12:31 B E:\xampp\web_libs\Smarty\libs\plugins\modifier.date_format.php --> www.herzallerliebst.de /files/Smarty/libs/plugins modifier.date_format.php
2006.09.13 12:31 B E:\xampp\web_libs\Smarty\libs\plugins\modifier.debug_print_var.php --> www.herzallerliebst.de /files/Smarty/libs/plugins modifier.debug_print_var.php
2006.09.13 12:31 B E:\xampp\web_libs\Smarty\libs\plugins\modifier.default.php --> www.herzallerliebst.de /files/Smarty/libs/plugins modifier.default.php
2006.09.13 12:31 B E:\xampp\web_libs\Smarty\libs\plugins\modifier.escape.php --> www.herzallerliebst.de /files/Smarty/libs/plugins modifier.escape.php
2006.09.13 12:31 B E:\xampp\web_libs\Smarty\libs\plugins\modifier.indent.php --> www.herzallerliebst.de /files/Smarty/libs/plugins modifier.indent.php
2006.09.13 12:31 B E:\xampp\web_libs\Smarty\libs\plugins\modifier.lower.php --> www.herzallerliebst.de /files/Smarty/libs/plugins modifier.lower.php
2006.09.13 12:31 B E:\xampp\web_libs\Smarty\libs\plugins\modifier.nl2br.php --> www.herzallerliebst.de /files/Smarty/libs/plugins modifier.nl2br.php
2006.09.13 12:32 B E:\xampp\web_libs\Smarty\libs\plugins\modifier.regex_replace.php --> www.herzallerliebst.de /files/Smarty/libs/plugins modifier.regex_replace.php
2006.09.13 12:32 B E:\xampp\web_libs\Smarty\libs\plugins\modifier.replace.php --> www.herzallerliebst.de /files/Smarty/libs/plugins modifier.replace.php
2006.09.13 12:32 B E:\xampp\web_libs\Smarty\libs\plugins\modifier.spacify.php --> www.herzallerliebst.de /files/Smarty/libs/plugins modifier.spacify.php
2006.09.13 12:32 B E:\xampp\web_libs\Smarty\libs\plugins\modifier.string_format.php --> www.herzallerliebst.de /files/Smarty/libs/plugins modifier.string_format.php
2006.09.13 12:32 B E:\xampp\web_libs\Smarty\libs\plugins\modifier.strip.php --> www.herzallerliebst.de /files/Smarty/libs/plugins modifier.strip.php
2006.09.13 12:32 B E:\xampp\web_libs\Smarty\libs\plugins\modifier.strip_tags.php --> www.herzallerliebst.de /files/Smarty/libs/plugins modifier.strip_tags.php
2006.09.13 12:32 B E:\xampp\web_libs\Smarty\libs\plugins\modifier.truncate.php --> www.herzallerliebst.de /files/Smarty/libs/plugins modifier.truncate.php
2006.09.13 12:32 B E:\xampp\web_libs\Smarty\libs\plugins\modifier.upper.php --> www.herzallerliebst.de /files/Smarty/libs/plugins modifier.upper.php
2006.09.13 12:32 B E:\xampp\web_libs\Smarty\libs\plugins\modifier.wordwrap.php --> www.herzallerliebst.de /files/Smarty/libs/plugins modifier.wordwrap.php
2006.09.13 12:32 B E:\xampp\web_libs\Smarty\libs\plugins\outputfilter.trimwhitespace.php --> www.herzallerliebst.de /files/Smarty/libs/plugins outputfilter.trimwhitespace.php
2006.09.13 12:32 B E:\xampp\web_libs\Smarty\libs\plugins\shared.escape_special_chars.php --> www.herzallerliebst.de /files/Smarty/libs/plugins shared.escape_special_chars.php
2006.09.13 12:32 B E:\xampp\web_libs\Smarty\libs\plugins\shared.make_timestamp.php --> www.herzallerliebst.de /files/Smarty/libs/plugins shared.make_timestamp.php
2006.09.13 12:32 B E:\xampp\web_libs\Smarty\libs\plugins\WS_FTP.LOG --> www.herzallerliebst.de /files/Smarty/libs/plugins WS_FTP.LOG
2006.12.17 22:06 B E:\xampp\web_libs\Smarty\libs\plugins\block.textformat.php --> freuzeug.com /webseiten/_libs/smarty/libs/plugins block.textformat.php
2006.12.17 22:06 B E:\xampp\web_libs\Smarty\libs\plugins\compiler.assign.php --> freuzeug.com /webseiten/_libs/smarty/libs/plugins compiler.assign.php
2006.12.17 22:06 B E:\xampp\web_libs\Smarty\libs\plugins\function.assign_debug_info.php --> freuzeug.com /webseiten/_libs/smarty/libs/plugins function.assign_debug_info.php
2006.12.17 22:06 B E:\xampp\web_libs\Smarty\libs\plugins\function.config_load.php --> freuzeug.com /webseiten/_libs/smarty/libs/plugins function.config_load.php
2006.12.17 22:06 B E:\xampp\web_libs\Smarty\libs\plugins\function.counter.php --> freuzeug.com /webseiten/_libs/smarty/libs/plugins function.counter.php
2006.12.17 22:06 B E:\xampp\web_libs\Smarty\libs\plugins\function.cycle.php --> freuzeug.com /webseiten/_libs/smarty/libs/plugins function.cycle.php
2006.12.17 22:06 B E:\xampp\web_libs\Smarty\libs\plugins\function.debug.php --> freuzeug.com /webseiten/_libs/smarty/libs/plugins function.debug.php
2006.12.17 22:06 B E:\xampp\web_libs\Smarty\libs\plugins\function.eval.php --> freuzeug.com /webseiten/_libs/smarty/libs/plugins function.eval.php
2006.12.17 22:06 B E:\xampp\web_libs\Smarty\libs\plugins\function.fetch.php --> freuzeug.com /webseiten/_libs/smarty/libs/plugins function.fetch.php
2006.12.17 22:06 B E:\xampp\web_libs\Smarty\libs\plugins\function.html_checkboxes.php --> freuzeug.com /webseiten/_libs/smarty/libs/plugins function.html_checkboxes.php
2006.12.17 22:06 B E:\xampp\web_libs\Smarty\libs\plugins\function.html_image.php --> freuzeug.com /webseiten/_libs/smarty/libs/plugins function.html_image.php
2006.12.17 22:06 B E:\xampp\web_libs\Smarty\libs\plugins\function.html_options.php --> freuzeug.com /webseiten/_libs/smarty/libs/plugins function.html_options.php
2006.12.17 22:06 B E:\xampp\web_libs\Smarty\libs\plugins\function.html_radios.php --> freuzeug.com /webseiten/_libs/smarty/libs/plugins function.html_radios.php
2006.12.17 22:06 B E:\xampp\web_libs\Smarty\libs\plugins\function.html_select_date.php --> freuzeug.com /webseiten/_libs/smarty/libs/plugins function.html_select_date.php
2006.12.17 22:06 B E:\xampp\web_libs\Smarty\libs\plugins\function.html_select_time.php --> freuzeug.com /webseiten/_libs/smarty/libs/plugins function.html_select_time.php
2006.12.17 22:06 B E:\xampp\web_libs\Smarty\libs\plugins\function.html_table.php --> freuzeug.com /webseiten/_libs/smarty/libs/plugins function.html_table.php
2006.12.17 22:06 B E:\xampp\web_libs\Smarty\libs\plugins\function.mailto.php --> freuzeug.com /webseiten/_libs/smarty/libs/plugins function.mailto.php
2006.12.17 22:06 B E:\xampp\web_libs\Smarty\libs\plugins\function.math.php --> freuzeug.com /webseiten/_libs/smarty/libs/plugins function.math.php
2006.12.17 22:06 B E:\xampp\web_libs\Smarty\libs\plugins\function.popup.php --> freuzeug.com /webseiten/_libs/smarty/libs/plugins function.popup.php
2006.12.17 22:06 B E:\xampp\web_libs\Smarty\libs\plugins\function.popup_init.php --> freuzeug.com /webseiten/_libs/smarty/libs/plugins function.popup_init.php
2006.12.17 22:06 B E:\xampp\web_libs\Smarty\libs\plugins\modifier.capitalize.php --> freuzeug.com /webseiten/_libs/smarty/libs/plugins modifier.capitalize.php
2006.12.17 22:06 B E:\xampp\web_libs\Smarty\libs\plugins\modifier.cat.php --> freuzeug.com /webseiten/_libs/smarty/libs/plugins modifier.cat.php
2006.12.17 22:06 B E:\xampp\web_libs\Smarty\libs\plugins\modifier.count_characters.php --> freuzeug.com /webseiten/_libs/smarty/libs/plugins modifier.count_characters.php
2006.12.17 22:06 B E:\xampp\web_libs\Smarty\libs\plugins\modifier.count_paragraphs.php --> freuzeug.com /webseiten/_libs/smarty/libs/plugins modifier.count_paragraphs.php
2006.12.17 22:06 B E:\xampp\web_libs\Smarty\libs\plugins\modifier.count_sentences.php --> freuzeug.com /webseiten/_libs/smarty/libs/plugins modifier.count_sentences.php
2006.12.17 22:06 B E:\xampp\web_libs\Smarty\libs\plugins\modifier.count_words.php --> freuzeug.com /webseiten/_libs/smarty/libs/plugins modifier.count_words.php
2006.12.17 22:06 B E:\xampp\web_libs\Smarty\libs\plugins\modifier.date_format.php --> freuzeug.com /webseiten/_libs/smarty/libs/plugins modifier.date_format.php
2006.12.17 22:06 B E:\xampp\web_libs\Smarty\libs\plugins\modifier.debug_print_var.php --> freuzeug.com /webseiten/_libs/smarty/libs/plugins modifier.debug_print_var.php
2006.12.17 22:06 B E:\xampp\web_libs\Smarty\libs\plugins\modifier.default.php --> freuzeug.com /webseiten/_libs/smarty/libs/plugins modifier.default.php
2006.12.17 22:06 B E:\xampp\web_libs\Smarty\libs\plugins\modifier.escape.php --> freuzeug.com /webseiten/_libs/smarty/libs/plugins modifier.escape.php
2006.12.17 22:06 B E:\xampp\web_libs\Smarty\libs\plugins\modifier.indent.php --> freuzeug.com /webseiten/_libs/smarty/libs/plugins modifier.indent.php
2006.12.17 22:06 B E:\xampp\web_libs\Smarty\libs\plugins\modifier.lower.php --> freuzeug.com /webseiten/_libs/smarty/libs/plugins modifier.lower.php
2006.12.17 22:06 B E:\xampp\web_libs\Smarty\libs\plugins\modifier.nl2br.php --> freuzeug.com /webseiten/_libs/smarty/libs/plugins modifier.nl2br.php
2006.12.17 22:06 B E:\xampp\web_libs\Smarty\libs\plugins\modifier.regex_replace.php --> freuzeug.com /webseiten/_libs/smarty/libs/plugins modifier.regex_replace.php
2006.12.17 22:06 B E:\xampp\web_libs\Smarty\libs\plugins\modifier.replace.php --> freuzeug.com /webseiten/_libs/smarty/libs/plugins modifier.replace.php
2006.12.17 22:06 B E:\xampp\web_libs\Smarty\libs\plugins\modifier.spacify.php --> freuzeug.com /webseiten/_libs/smarty/libs/plugins modifier.spacify.php
2006.12.17 22:06 B E:\xampp\web_libs\Smarty\libs\plugins\modifier.string_format.php --> freuzeug.com /webseiten/_libs/smarty/libs/plugins modifier.string_format.php
2006.12.17 22:06 B E:\xampp\web_libs\Smarty\libs\plugins\modifier.strip.php --> freuzeug.com /webseiten/_libs/smarty/libs/plugins modifier.strip.php
2006.12.17 22:06 B E:\xampp\web_libs\Smarty\libs\plugins\modifier.strip_tags.php --> freuzeug.com /webseiten/_libs/smarty/libs/plugins modifier.strip_tags.php
2006.12.17 22:06 B E:\xampp\web_libs\Smarty\libs\plugins\modifier.truncate.php --> freuzeug.com /webseiten/_libs/smarty/libs/plugins modifier.truncate.php
2006.12.17 22:06 B E:\xampp\web_libs\Smarty\libs\plugins\modifier.upper.php --> freuzeug.com /webseiten/_libs/smarty/libs/plugins modifier.upper.php
2006.12.17 22:06 B E:\xampp\web_libs\Smarty\libs\plugins\modifier.wordwrap.php --> freuzeug.com /webseiten/_libs/smarty/libs/plugins modifier.wordwrap.php
2006.12.17 22:06 B E:\xampp\web_libs\Smarty\libs\plugins\outputfilter.trimwhitespace.php --> freuzeug.com /webseiten/_libs/smarty/libs/plugins outputfilter.trimwhitespace.php
2006.12.17 22:06 B E:\xampp\web_libs\Smarty\libs\plugins\shared.escape_special_chars.php --> freuzeug.com /webseiten/_libs/smarty/libs/plugins shared.escape_special_chars.php
2006.12.17 22:06 B E:\xampp\web_libs\Smarty\libs\plugins\shared.make_timestamp.php --> freuzeug.com /webseiten/_libs/smarty/libs/plugins shared.make_timestamp.php
2006.12.17 22:06 B E:\xampp\web_libs\Smarty\libs\plugins\WS_FTP.LOG --> freuzeug.com /webseiten/_libs/smarty/libs/plugins WS_FTP.LOG
2007.01.30 19:16 B E:\htdocs\_libs\smarty\plugins\block.textformat.php --> web-insite.de /html/_libs/smarty/plugins block.textformat.php
2007.01.30 19:16 B E:\htdocs\_libs\smarty\plugins\compiler.assign.php --> web-insite.de /html/_libs/smarty/plugins compiler.assign.php
2007.01.30 19:16 B E:\htdocs\_libs\smarty\plugins\function.assign_debug_info.php --> web-insite.de /html/_libs/smarty/plugins function.assign_debug_info.php
2007.01.30 19:16 B E:\htdocs\_libs\smarty\plugins\function.config_load.php --> web-insite.de /html/_libs/smarty/plugins function.config_load.php
2007.01.30 19:16 B E:\htdocs\_libs\smarty\plugins\function.counter.php --> web-insite.de /html/_libs/smarty/plugins function.counter.php
2007.01.30 19:16 B E:\htdocs\_libs\smarty\plugins\function.cycle.php --> web-insite.de /html/_libs/smarty/plugins function.cycle.php
2007.01.30 19:16 B E:\htdocs\_libs\smarty\plugins\function.debug.php --> web-insite.de /html/_libs/smarty/plugins function.debug.php
2007.01.30 19:16 B E:\htdocs\_libs\smarty\plugins\function.eval.php --> web-insite.de /html/_libs/smarty/plugins function.eval.php
2007.01.30 19:16 B E:\htdocs\_libs\smarty\plugins\function.fetch.php --> web-insite.de /html/_libs/smarty/plugins function.fetch.php
2007.01.30 19:16 B E:\htdocs\_libs\smarty\plugins\function.html_checkboxes.php --> web-insite.de /html/_libs/smarty/plugins function.html_checkboxes.php
2007.01.30 19:16 B E:\htdocs\_libs\smarty\plugins\function.html_image.php --> web-insite.de /html/_libs/smarty/plugins function.html_image.php
2007.01.30 19:16 B E:\htdocs\_libs\smarty\plugins\function.html_options.php --> web-insite.de /html/_libs/smarty/plugins function.html_options.php
2007.01.30 19:16 B E:\htdocs\_libs\smarty\plugins\function.html_radios.php --> web-insite.de /html/_libs/smarty/plugins function.html_radios.php
2007.01.30 19:16 B E:\htdocs\_libs\smarty\plugins\function.html_select_date.php --> web-insite.de /html/_libs/smarty/plugins function.html_select_date.php
2007.01.30 19:16 B E:\htdocs\_libs\smarty\plugins\function.html_select_time.php --> web-insite.de /html/_libs/smarty/plugins function.html_select_time.php
2007.01.30 19:16 B E:\htdocs\_libs\smarty\plugins\function.html_table.php --> web-insite.de /html/_libs/smarty/plugins function.html_table.php
2007.01.30 19:16 B E:\htdocs\_libs\smarty\plugins\function.mailto.php --> web-insite.de /html/_libs/smarty/plugins function.mailto.php
2007.01.30 19:16 B E:\htdocs\_libs\smarty\plugins\function.math.php --> web-insite.de /html/_libs/smarty/plugins function.math.php
2007.01.30 19:16 B E:\htdocs\_libs\smarty\plugins\function.popup.php --> web-insite.de /html/_libs/smarty/plugins function.popup.php
2007.01.30 19:16 B E:\htdocs\_libs\smarty\plugins\function.popup_init.php --> web-insite.de /html/_libs/smarty/plugins function.popup_init.php
2007.01.30 19:16 B E:\htdocs\_libs\smarty\plugins\modifier.capitalize.php --> web-insite.de /html/_libs/smarty/plugins modifier.capitalize.php
2007.01.30 19:16 B E:\htdocs\_libs\smarty\plugins\modifier.cat.php --> web-insite.de /html/_libs/smarty/plugins modifier.cat.php
2007.01.30 19:16 B E:\htdocs\_libs\smarty\plugins\modifier.count_characters.php --> web-insite.de /html/_libs/smarty/plugins modifier.count_characters.php
2007.01.30 19:16 B E:\htdocs\_libs\smarty\plugins\modifier.count_paragraphs.php --> web-insite.de /html/_libs/smarty/plugins modifier.count_paragraphs.php
2007.01.30 19:16 B E:\htdocs\_libs\smarty\plugins\modifier.count_sentences.php --> web-insite.de /html/_libs/smarty/plugins modifier.count_sentences.php
2007.01.30 19:16 B E:\htdocs\_libs\smarty\plugins\modifier.count_words.php --> web-insite.de /html/_libs/smarty/plugins modifier.count_words.php
2007.01.30 19:16 B E:\htdocs\_libs\smarty\plugins\modifier.date_format.php --> web-insite.de /html/_libs/smarty/plugins modifier.date_format.php
2007.01.30 19:16 B E:\htdocs\_libs\smarty\plugins\modifier.debug_print_var.php --> web-insite.de /html/_libs/smarty/plugins modifier.debug_print_var.php
2007.01.30 19:16 B E:\htdocs\_libs\smarty\plugins\modifier.default.php --> web-insite.de /html/_libs/smarty/plugins modifier.default.php
2007.01.30 19:16 B E:\htdocs\_libs\smarty\plugins\modifier.escape.php --> web-insite.de /html/_libs/smarty/plugins modifier.escape.php
2007.01.30 19:16 B E:\htdocs\_libs\smarty\plugins\modifier.indent.php --> web-insite.de /html/_libs/smarty/plugins modifier.indent.php
2007.01.30 19:16 B E:\htdocs\_libs\smarty\plugins\modifier.lower.php --> web-insite.de /html/_libs/smarty/plugins modifier.lower.php
2007.01.30 19:16 B E:\htdocs\_libs\smarty\plugins\modifier.nl2br.php --> web-insite.de /html/_libs/smarty/plugins modifier.nl2br.php
2007.01.30 19:16 B E:\htdocs\_libs\smarty\plugins\modifier.regex_replace.php --> web-insite.de /html/_libs/smarty/plugins modifier.regex_replace.php
2007.01.30 19:16 B E:\htdocs\_libs\smarty\plugins\modifier.replace.php --> web-insite.de /html/_libs/smarty/plugins modifier.replace.php
2007.01.30 19:16 B E:\htdocs\_libs\smarty\plugins\modifier.spacify.php --> web-insite.de /html/_libs/smarty/plugins modifier.spacify.php
2007.01.30 19:16 B E:\htdocs\_libs\smarty\plugins\modifier.string_format.php --> web-insite.de /html/_libs/smarty/plugins modifier.string_format.php
2007.01.30 19:16 B E:\htdocs\_libs\smarty\plugins\modifier.strip.php --> web-insite.de /html/_libs/smarty/plugins modifier.strip.php
2007.01.30 19:16 B E:\htdocs\_libs\smarty\plugins\modifier.strip_tags.php --> web-insite.de /html/_libs/smarty/plugins modifier.strip_tags.php
2007.01.30 19:16 B E:\htdocs\_libs\smarty\plugins\modifier.truncate.php --> web-insite.de /html/_libs/smarty/plugins modifier.truncate.php
2007.01.30 19:16 B E:\htdocs\_libs\smarty\plugins\modifier.upper.php --> web-insite.de /html/_libs/smarty/plugins modifier.upper.php
2007.01.30 19:16 B E:\htdocs\_libs\smarty\plugins\modifier.wordwrap.php --> web-insite.de /html/_libs/smarty/plugins modifier.wordwrap.php
2007.01.30 19:16 B E:\htdocs\_libs\smarty\plugins\outputfilter.trimwhitespace.php --> web-insite.de /html/_libs/smarty/plugins outputfilter.trimwhitespace.php
2007.01.30 19:16 B E:\htdocs\_libs\smarty\plugins\shared.escape_special_chars.php --> web-insite.de /html/_libs/smarty/plugins shared.escape_special_chars.php
2007.01.30 19:16 B E:\htdocs\_libs\smarty\plugins\shared.make_timestamp.php --> web-insite.de /html/_libs/smarty/plugins shared.make_timestamp.php
2007.01.30 19:16 B E:\htdocs\_libs\smarty\plugins\WS_FTP.LOG --> web-insite.de /html/_libs/smarty/plugins WS_FTP.LOG
